<?xml version="1.0" encoding="UTF-8"?>
<!-- Generated by org.testng.reporters.JUnitXMLReporter -->
<testsuite hostname="EPBYMINW3743" ignored="9" name="ParallelCalculatorMethods" tests="5" failures="0" timestamp="26 Sep 2017 12:44:43 GMT" time="4.071" errors="0">
  <testcase name="testParallel1" time="2.003" classname="com.epam.tat.unittest.tests.CalculatorTest"/>
  <testcase name="testParallel" time="2.003" classname="com.epam.tat.unittest.tests.CalculatorTest"/>
  <testcase name="testParallel2" time="2.006" classname="com.epam.tat.unittest.tests.CalculatorTest"/>
  <testcase name="testParallel3" time="2.003" classname="com.epam.tat.unittest.tests.CalculatorTest"/>
  <testcase name="testParallel4" time="2.016" classname="com.epam.tat.unittest.tests.CalculatorTest"/>
  <testcase name="testDivMethod" time="0.0" classname="com.epam.tat.unittest.tests.CalculatorTest">
    <ignored/>
  </testcase> <!-- testDivMethod -->
  <testcase name="testIsNegativeMethodNeg" time="0.0" classname="com.epam.tat.unittest.tests.CalculatorTest">
    <ignored/>
  </testcase> <!-- testIsNegativeMethodNeg -->
  <testcase name="testSumMethod" time="0.0" classname="com.epam.tat.unittest.tests.CalculatorTest">
    <ignored/>
  </testcase> <!-- testSumMethod -->
  <testcase name="testIsPositiveMethodNeg" time="0.0" classname="com.epam.tat.unittest.tests.CalculatorTest">
    <ignored/>
  </testcase> <!-- testIsPositiveMethodNeg -->
  <testcase name="TestDivByZero" time="0.0" classname="com.epam.tat.unittest.tests.CalculatorTest">
    <ignored/>
  </testcase> <!-- TestDivByZero -->
  <testcase name="testMultMethod" time="0.0" classname="com.epam.tat.unittest.tests.CalculatorTest">
    <ignored/>
  </testcase> <!-- testMultMethod -->
  <testcase name="testIsNegativeMethod" time="0.0" classname="com.epam.tat.unittest.tests.CalculatorTest">
    <ignored/>
  </testcase> <!-- testIsNegativeMethod -->
  <testcase name="testIsPositiveMethod" time="0.0" classname="com.epam.tat.unittest.tests.CalculatorTest">
    <ignored/>
  </testcase> <!-- testIsPositiveMethod -->
  <testcase name="TestDivByZeroLong" time="0.0" classname="com.epam.tat.unittest.tests.CalculatorTest">
    <ignored/>
  </testcase> <!-- TestDivByZeroLong -->
</testsuite> <!-- ParallelCalculatorMethods -->
